
14. Printing statistics.

=== free ===

   Number of wires:                301
   Number of wire bits:            569
   Number of public wires:          14
   Number of public wire bits:     158
   Number of memories:               0
   Number of memory bits:            0
   Number of processes:              0
   Number of cells:                488
     A2O1A1Ixp33_ASAP7_75t_SRAM      2
     AND2x2_ASAP7_75t_SRAM           4
     AND3x1_ASAP7_75t_SRAM           3
     AOI211xp5_ASAP7_75t_SRAM        1
     AOI21xp33_ASAP7_75t_SRAM       25
     AOI31xp33_ASAP7_75t_SRAM        3
     DFFASRHQNx1_ASAP7_75t_SRAM    130
     INVx1_ASAP7_75t_SRAM          123
     NAND2xp33_ASAP7_75t_SRAM       14
     NAND3xp33_ASAP7_75t_SRAM       11
     NAND4xp25_ASAP7_75t_SRAM        1
     NOR2xp33_ASAP7_75t_SRAM        56
     NOR3xp33_ASAP7_75t_SRAM         1
     NOR4xp25_ASAP7_75t_SRAM         6
     NOR5xp2_ASAP7_75t_SRAM         17
     O2A1O1Ixp33_ASAP7_75t_SRAM      4
     OAI21xp33_ASAP7_75t_SRAM        9
     OAI221xp5_ASAP7_75t_SRAM       10
     OAI22xp33_ASAP7_75t_SRAM       23
     OAI31xp33_ASAP7_75t_SRAM        4
     OAI32xp33_ASAP7_75t_SRAM       23
     OR3x1_ASAP7_75t_SRAM            5
     OR4x1_ASAP7_75t_SRAM            4
     OR5x1_ASAP7_75t_SRAM            1
     XNOR2xp5_ASAP7_75t_SRAM         4
     XOR2xp5_ASAP7_75t_SRAM          4

   Chip area for module '\free': 73.672740

Startpoint: _768_ (rising edge-triggered flip-flop clocked by clk)
Endpoint: _700_ (rising edge-triggered flip-flop clocked by clk)
Path Group: clk
Path Type: max

  Delay    Time   Description
---------------------------------------------------------
   0.00    0.00   clock clk (rise edge)
   0.00    0.00   clock network delay (ideal)
   0.00    0.00 ^ _768_/CLK (DFFASRHQNx1_ASAP7_75t_SRAM)
 110.24  110.24 v _768_/QN (DFFASRHQNx1_ASAP7_75t_SRAM)
  50.54  160.78 v _426_/Y (AND2x2_ASAP7_75t_SRAM)
 325.26  486.04 ^ _462_/Y (O2A1O1Ixp33_ASAP7_75t_SRAM)
 168.60  654.64 v _468_/Y (OAI32xp33_ASAP7_75t_SRAM)
   0.00  654.64 v _700_/D (DFFASRHQNx1_ASAP7_75t_SRAM)
         654.64   data arrival time

   1.06    1.06   clock clk (rise edge)
   0.00    1.06   clock network delay (ideal)
   0.00    1.06   clock reconvergence pessimism
           1.06 ^ _700_/CLK (DFFASRHQNx1_ASAP7_75t_SRAM)
 -35.02  -33.96   library setup time
         -33.96   data required time
---------------------------------------------------------
         -33.96   data required time
        -654.64   data arrival time
---------------------------------------------------------
        -688.60   slack (VIOLATED)


Group                  Internal  Switching    Leakage      Total
                          Power      Power      Power      Power
----------------------------------------------------------------
Sequential             2.50e-01   6.51e-03   2.26e-08   2.57e-01  93.0%
Combinational          9.87e-03   9.33e-03   8.73e-09   1.92e-02   7.0%
Macro                  0.00e+00   0.00e+00   0.00e+00   0.00e+00   0.0%
Pad                    0.00e+00   0.00e+00   0.00e+00   0.00e+00   0.0%
----------------------------------------------------------------
Total                  2.60e-01   1.58e-02   3.14e-08   2.76e-01 100.0%
                          94.3%       5.7%       0.0%
